Using pre-set license
Built from '2022.1/staging' branch; Version is '2022.1.13f1 (22856944e6d2) revision 2262377'; Using compiler version '192829333'; Build Type 'Release'
OS: 'Windows 10  (10.0.19045) 64bit Enterprise' Language: 'en' Physical Memory: 32590 MB
BatchMode: 1, IsHumanControllingUs: 0, StartBugReporterOnCrash: 0, Is64bit: 1, IsPro: 1

COMMAND LINE ARGUMENTS:
C:\Program Files\Unity 2022.1.13f1\Editor\Unity.exe
-adb2
-batchMode
-noUpm
-name
AssetImportWorker0
-projectPath
C:/Users/ry329761/My project
-logFile
Logs/AssetImportWorker0.log
-srvPort
63399
Successfully changed project path to: C:/Users/ry329761/My project
C:/Users/ry329761/My project
[UnityMemory] Configuration Parameters - Can be set up in boot.config
    "memorysetup-bucket-allocator-granularity=16"
    "memorysetup-bucket-allocator-bucket-count=8"
    "memorysetup-bucket-allocator-block-size=33554432"
    "memorysetup-bucket-allocator-block-count=8"
    "memorysetup-main-allocator-block-size=16777216"
    "memorysetup-thread-allocator-block-size=16777216"
    "memorysetup-gfx-main-allocator-block-size=16777216"
    "memorysetup-gfx-thread-allocator-block-size=16777216"
    "memorysetup-cache-allocator-block-size=4194304"
    "memorysetup-typetree-allocator-block-size=2097152"
    "memorysetup-profiler-bucket-allocator-granularity=16"
    "memorysetup-profiler-bucket-allocator-bucket-count=8"
    "memorysetup-profiler-bucket-allocator-block-size=33554432"
    "memorysetup-profiler-bucket-allocator-block-count=8"
    "memorysetup-profiler-allocator-block-size=16777216"
    "memorysetup-profiler-editor-allocator-block-size=1048576"
    "memorysetup-temp-allocator-size-main=16777216"
    "memorysetup-job-temp-allocator-block-size=2097152"
    "memorysetup-job-temp-allocator-block-size-background=1048576"
    "memorysetup-job-temp-allocator-reduction-small-platforms=262144"
    "memorysetup-temp-allocator-size-background-worker=32768"
    "memorysetup-temp-allocator-size-job-worker=262144"
    "memorysetup-temp-allocator-size-preload-manager=33554432"
    "memorysetup-temp-allocator-size-nav-mesh-worker=65536"
    "memorysetup-temp-allocator-size-audio-worker=65536"
    "memorysetup-temp-allocator-size-cloud-worker=32768"
    "memorysetup-temp-allocator-size-gi-baking-worker=262144"
    "memorysetup-temp-allocator-size-gfx=262144"
Refreshing native plugins compatible for Editor in 66.09 ms, found 3 plugins.
Preloading 0 native plugins for Editor in 0.00 ms.
Initialize engine version: 2022.1.13f1 (22856944e6d2)
[Subsystems] Discovering subsystems at path C:/Program Files/Unity 2022.1.13f1/Editor/Data/Resources/UnitySubsystems
[Subsystems] Discovering subsystems at path C:/Users/ry329761/My project/Assets
GfxDevice: creating device client; threaded=0; jobified=0
Direct3D:
    Version:  Direct3D 11.0 [level 11.1]
    Renderer: NVIDIA GeForce RTX 2080 (ID=0x1e87)
    Vendor:   NVIDIA
    VRAM:     8010 MB
    Driver:   31.0.15.1694
Initialize mono
Mono path[0] = 'C:/Program Files/Unity 2022.1.13f1/Editor/Data/Managed'
Mono path[1] = 'C:/Program Files/Unity 2022.1.13f1/Editor/Data/MonoBleedingEdge/lib/mono/unityjit-win32'
Mono config path = 'C:/Program Files/Unity 2022.1.13f1/Editor/Data/MonoBleedingEdge/etc'
Using monoOptions --debugger-agent=transport=dt_socket,embedding=1,server=y,suspend=n,address=127.0.0.1:56872
Begin MonoManager ReloadAssembly
Registering precompiled unity dll's ...
Register platform support module: C:/Program Files/Unity 2022.1.13f1/Editor/Data/PlaybackEngines/WebGLSupport/UnityEditor.WebGL.Extensions.dll
Register platform support module: C:/Program Files/Unity 2022.1.13f1/Editor/Data/PlaybackEngines/MacStandaloneSupport/UnityEditor.OSXStandalone.Extensions.dll
Register platform support module: C:/Program Files/Unity 2022.1.13f1/Editor/Data/PlaybackEngines/AndroidPlayer/UnityEditor.Android.Extensions.dll
Register platform support module: C:/Program Files/Unity 2022.1.13f1/Editor/Data/PlaybackEngines/iOSSupport/UnityEditor.iOS.Extensions.dll
Register platform support module: C:/Program Files/Unity 2022.1.13f1/Editor/Data/PlaybackEngines/AppleTVSupport/UnityEditor.AppleTV.Extensions.dll
Register platform support module: C:/Program Files/Unity 2022.1.13f1/Editor/Data/PlaybackEngines/WindowsStandaloneSupport/UnityEditor.WindowsStandalone.Extensions.dll
Register platform support module: C:/Program Files/Unity 2022.1.13f1/Editor/Data/PlaybackEngines/LinuxStandaloneSupport/UnityEditor.LinuxStandalone.Extensions.dll
Register platform support module: C:/Program Files/Unity 2022.1.13f1/Editor/Data/PlaybackEngines/MetroSupport/UnityEditor.UWP.Extensions.dll
Registered in 0.010633 seconds.
Native extension for UWP target not found
Native extension for LinuxStandalone target not found
Native extension for WindowsStandalone target not found
[usbmuxd] Start listen thread
[usbmuxd] Listen thread started
Native extension for AppleTV target not found
[usbmuxd] Start listen thread
[usbmuxd] Listen thread started
Native extension for iOS target not found
Native extension for Android target not found
Native extension for OSXStandalone target not found
Native extension for WebGL target not found
Refreshing native plugins compatible for Editor in 125.30 ms, found 3 plugins.
Preloading 0 native plugins for Editor in 0.00 ms.
Mono: successfully reloaded assembly
- Completed reload, in  0.932 seconds
Domain Reload Profiling:
	ReloadAssembly (933ms)
		BeginReloadAssembly (69ms)
			ExecutionOrderSort (0ms)
			DisableScriptedObjects (0ms)
			BackupInstance (0ms)
			ReleaseScriptingObjects (0ms)
			CreateAndSetChildDomain (1ms)
		EndReloadAssembly (750ms)
			LoadAssemblies (69ms)
			RebuildTransferFunctionScriptingTraits (0ms)
			SetupTypeCache (146ms)
				TypeCache.Initialize (145ms)
					TypeCache.ScanAssembly (143ms)
				ResolveRequiredComponents (1ms)
			ReleaseScriptCaches (0ms)
			RebuildScriptCaches (26ms)
			SetupLoadedEditorAssemblies (512ms)
				LogAssemblyErrors (0ms)
				InitializePlatformSupportModulesInManaged (96ms)
				SetLoadedEditorAssemblies (13ms)
				RefreshPlugins (125ms)
				BeforeProcessingInitializeOnLoad (3ms)
				ProcessInitializeOnLoadAttributes (195ms)
				ProcessInitializeOnLoadMethodAttributes (80ms)
				AfterProcessingInitializeOnLoad (0ms)
				EditorAssembliesLoaded (0ms)
			ExecutionOrderSort2 (0ms)
			AwakeInstancesAfterBackupRestoration (0ms)
Platform modules already initialized, skipping
Registering precompiled user dll's ...
Registered in 0.009867 seconds.
Begin MonoManager ReloadAssembly
Symbol file LoadedFromMemory doesn't match image C:\Users\ry329761\My project\Library\PackageCache\com.unity.visualscripting@1.7.8\Editor\VisualScripting.Core\Dependencies\YamlDotNet\Unity.VisualScripting.YamlDotNet.dll
Symbol file LoadedFromMemory doesn't match image C:\Users\ry329761\My project\Library\PackageCache\com.unity.visualscripting@1.7.8\Editor\VisualScripting.Core\Dependencies\DotNetZip\Unity.VisualScripting.IonicZip.dll
Native extension for UWP target not found
Native extension for LinuxStandalone target not found
Native extension for WindowsStandalone target not found
Native extension for AppleTV target not found
Native extension for iOS target not found
Native extension for Android target not found
Native extension for OSXStandalone target not found
Native extension for WebGL target not found
Refreshing native plugins compatible for Editor in 0.51 ms, found 3 plugins.
Preloading 0 native plugins for Editor in 0.00 ms.
Mono: successfully reloaded assembly
- Completed reload, in  1.136 seconds
Domain Reload Profiling:
	ReloadAssembly (1137ms)
		BeginReloadAssembly (165ms)
			ExecutionOrderSort (0ms)
			DisableScriptedObjects (10ms)
			BackupInstance (0ms)
			ReleaseScriptingObjects (0ms)
			CreateAndSetChildDomain (38ms)
		EndReloadAssembly (846ms)
			LoadAssemblies (91ms)
			RebuildTransferFunctionScriptingTraits (0ms)
			SetupTypeCache (274ms)
				TypeCache.Initialize (270ms)
					TypeCache.ScanAssembly (267ms)
				ResolveRequiredComponents (3ms)
			ReleaseScriptCaches (1ms)
			RebuildScriptCaches (45ms)
			SetupLoadedEditorAssemblies (396ms)
				LogAssemblyErrors (0ms)
				InitializePlatformSupportModulesInManaged (35ms)
				SetLoadedEditorAssemblies (6ms)
				RefreshPlugins (1ms)
				BeforeProcessingInitializeOnLoad (77ms)
				ProcessInitializeOnLoadAttributes (238ms)
				ProcessInitializeOnLoadMethodAttributes (32ms)
				AfterProcessingInitializeOnLoad (7ms)
				EditorAssembliesLoaded (0ms)
			ExecutionOrderSort2 (0ms)
			AwakeInstancesAfterBackupRestoration (6ms)
Platform modules already initialized, skipping
========================================================================
Worker process is ready to serve import requests
Launched and connected shader compiler UnityShaderCompiler.exe after 0.08 seconds
Refreshing native plugins compatible for Editor in 0.86 ms, found 3 plugins.
Preloading 0 native plugins for Editor in 0.00 ms.
Unloading 3394 Unused Serialized files (Serialized files now loaded: 0)
Unloading 26 unused Assets / (58.2 KB). Loaded Objects now: 3856.
Memory consumption went from 0.51 GB to 0.51 GB.
Total: 4.411700 ms (FindLiveObjects: 0.484100 ms CreateObjectMapping: 0.581400 ms MarkObjects: 3.222700 ms  DeleteObjects: 0.122400 ms)

AssetImportParameters requested are different than current active one (requested -> active):
  custom:video-decoder-ogg-theora: a1e56fd34408186e4bbccfd4996cb3dc -> 
  custom:container-muxer-webm: aa71ff27fc2769a1b78a27578f13a17b -> 
  custom:container-demuxer-webm: 4f35f7cbe854078d1ac9338744f61a02 -> 
  custom:video-encoder-webm-vp8: eb34c28f22e8b96e1ab97ce403110664 -> 
  custom:audio-encoder-webm-vorbis: bf7c407c2cedff20999df2af8eb42d56 -> 
  custom:framework-win-MediaFoundation: 216162199b28c13a410421893ffa2e32 -> 
  custom:container-demuxer-ogg: 62fdf1f143b41e24485cea50d1cbac27 -> 
  custom:video-decoder-webm-vp8: 9c59270c3fd7afecdb556c50c9e8de78 -> 
  custom:audio-decoder-ogg-vorbis: bf7c407c2cedff20999df2af8eb42d56 -> 
========================================================================
Received Import Request.
  Time since last request: 53213.497977 seconds.
  path: Assets
  artifactKey: Guid(00000000000000001000000000000000) Importer(815301076,1909f56bfc062723c751e8b465ee728b)
Start importing Assets using Guid(00000000000000001000000000000000) Importer(815301076,1909f56bfc062723c751e8b465ee728b)  -> (artifact id: '6e8165099f8bfd50797b2ebe9f8b211b') in 0.007488 seconds 
========================================================================
Received Import Request.
  Time since last request: 1.159964 seconds.
  path: Assets/Modles
  artifactKey: Guid(33c145209da9c3740b9e50d689c50356) Importer(815301076,1909f56bfc062723c751e8b465ee728b)
Start importing Assets/Modles using Guid(33c145209da9c3740b9e50d689c50356) Importer(815301076,1909f56bfc062723c751e8b465ee728b)  -> (artifact id: '17c0108074683dd9a48a26035df684f5') in 0.006657 seconds 
========================================================================
Received Import Request.
  Time since last request: 26.222444 seconds.
  path: Assets/Models
  artifactKey: Guid(33c145209da9c3740b9e50d689c50356) Importer(815301076,1909f56bfc062723c751e8b465ee728b)
Start importing Assets/Models using Guid(33c145209da9c3740b9e50d689c50356) Importer(815301076,1909f56bfc062723c751e8b465ee728b)  -> (artifact id: '7d1b0918e61697fb2fca4810d2d462d8') in 0.006799 seconds 
========================================================================
Received Import Request.
  Time since last request: 6.540842 seconds.
  path: Assets/Textures
  artifactKey: Guid(aefe30c522e976346a98a21793ff76fa) Importer(815301076,1909f56bfc062723c751e8b465ee728b)
Start importing Assets/Textures using Guid(aefe30c522e976346a98a21793ff76fa) Importer(815301076,1909f56bfc062723c751e8b465ee728b)  -> (artifact id: 'c3c8971d8f7a031a7f9a345a5368d76d') in 0.008670 seconds 
========================================================================
Received Import Request.
  Time since last request: 6.457822 seconds.
  path: Assets/Models/clamshell_low.fbx
  artifactKey: Guid(e4365b16d3c5771499f1e4486c8fa586) Importer(815301076,1909f56bfc062723c751e8b465ee728b)
Start importing Assets/Models/clamshell_low.fbx using Guid(e4365b16d3c5771499f1e4486c8fa586) Importer(815301076,1909f56bfc062723c751e8b465ee728b)  -> (artifact id: '023add8a81e006ead7fa1e220a904f41') in 0.419204 seconds 
========================================================================
Received Import Request.
  Time since last request: 0.000017 seconds.
  path: Assets/Models/seaweedInd1_low.fbx
  artifactKey: Guid(6168cb1f428244b47bfcf55cb52023f9) Importer(815301076,1909f56bfc062723c751e8b465ee728b)
Start importing Assets/Models/seaweedInd1_low.fbx using Guid(6168cb1f428244b47bfcf55cb52023f9) Importer(815301076,1909f56bfc062723c751e8b465ee728b)  -> (artifact id: 'fb7d1421558bfa4fc808069d63004127') in 0.029957 seconds 
========================================================================
Received Import Request.
  Time since last request: 0.000035 seconds.
  path: Assets/Models/tubesponge_low.fbx
  artifactKey: Guid(35a09f2b35507644aacc41b99a3d8e61) Importer(815301076,1909f56bfc062723c751e8b465ee728b)
Start importing Assets/Models/tubesponge_low.fbx using Guid(35a09f2b35507644aacc41b99a3d8e61) Importer(815301076,1909f56bfc062723c751e8b465ee728b)  -> (artifact id: '9b7d750399c417140efaa249860a77b7') in 0.025116 seconds 
========================================================================
Received Import Request.
  Time since last request: 0.000017 seconds.
  path: Assets/Models/seaanemone_low.fbx
  artifactKey: Guid(e88370d3f249a2a4696f22c8b2f4a811) Importer(815301076,1909f56bfc062723c751e8b465ee728b)
Start importing Assets/Models/seaanemone_low.fbx using Guid(e88370d3f249a2a4696f22c8b2f4a811) Importer(815301076,1909f56bfc062723c751e8b465ee728b)  -> (artifact id: '702d953ba1a30cce4ab50f5af007d167') in 0.029486 seconds 
========================================================================
Received Import Request.
  Time since last request: 63.357143 seconds.
  path: Assets/Textures/clamshell_low_lambert1_AO.png
  artifactKey: Guid(080736210ef65b741ae62f28a293f01d) Importer(815301076,1909f56bfc062723c751e8b465ee728b)
Start importing Assets/Textures/clamshell_low_lambert1_AO.png using Guid(080736210ef65b741ae62f28a293f01d) Importer(815301076,1909f56bfc062723c751e8b465ee728b)  -> (artifact id: 'ea3763b7abe2474b60d08a6519aed849') in 0.085595 seconds 
========================================================================
Received Import Request.
  Time since last request: 0.000020 seconds.
  path: Assets/Textures/clamshell_low_lambert1_Metallic.png
  artifactKey: Guid(35ecf489c5b164749b8624ebcf7d658f) Importer(815301076,1909f56bfc062723c751e8b465ee728b)
Start importing Assets/Textures/clamshell_low_lambert1_Metallic.png using Guid(35ecf489c5b164749b8624ebcf7d658f) Importer(815301076,1909f56bfc062723c751e8b465ee728b)  -> (artifact id: '2083de4b8576f7a93efb32e4f936e956') in 0.017039 seconds 
========================================================================
Received Import Request.
  Time since last request: 0.000016 seconds.
  path: Assets/Textures/clamshell_low_lambert1_Normal.png
  artifactKey: Guid(20bdba9343a543b4ba261efb93bace4c) Importer(815301076,1909f56bfc062723c751e8b465ee728b)
Start importing Assets/Textures/clamshell_low_lambert1_Normal.png using Guid(20bdba9343a543b4ba261efb93bace4c) Importer(815301076,1909f56bfc062723c751e8b465ee728b)  -> (artifact id: '415953a1e1536ed5c0957a6295c850f2') in 0.017478 seconds 
Editor requested this worker to shutdown with reason: Scaling down because of idle timeout
AssetImportWorker is now disconnected from the server
Process exiting
Exiting without the bug reporter. Application will terminate with return code 0